Построение начато 06.10.2020 20:17:58.
     1>Проект "D:\Данил\Documents\Студенческие задания\#2К1С\ЛоиОА\LB1\LB1\LB1.vcxproj" в узле 2 (целевые объекты build).
     1>InitializeBuildStatus:
         Создание "Debug\LB1.unsuccessfulbuild", так как было задано "AlwaysCreate".
       ClCompile:
         D:\Program Files\Visual Studio 2010\VC\bin\CL.exe /c /ZI /nologo /W3 /WX- /Od /Oy- /D WIN32 /D _DEBUG /D _CONSOLE /D _UNICODE /D UNICODE /Gm /EHsc /RTC1 /MDd /GS /fp:precise /Zc:wchar_t /Zc:forScope /Fo"Debug\\" /Fd"Debug\vc100.pdb" /Gd /TP /analyze- /errorReport:prompt Lb1.cpp
         Lb1.cpp
     1>d:\данил\documents\студенческие задания\#2к1с\лоиоа\lb1\lb1\lb1.cpp(48): warning C4996: 'scanf': This function or variable may be unsafe. Consider using scanf_s instead. To disable deprecation, use _CRT_SECURE_NO_WARNINGS. See online help for details.
                 d:\program files\visual studio 2010\vc\include\stdio.h(304): см. объявление "scanf"
     1>d:\данил\documents\студенческие задания\#2к1с\лоиоа\lb1\lb1\lb1.cpp(74): warning C4996: 'scanf': This function or variable may be unsafe. Consider using scanf_s instead. To disable deprecation, use _CRT_SECURE_NO_WARNINGS. See online help for details.
                 d:\program files\visual studio 2010\vc\include\stdio.h(304): см. объявление "scanf"
     1>d:\данил\documents\студенческие задания\#2к1с\лоиоа\lb1\lb1\lb1.cpp(76): warning C4996: 'scanf': This function or variable may be unsafe. Consider using scanf_s instead. To disable deprecation, use _CRT_SECURE_NO_WARNINGS. See online help for details.
                 d:\program files\visual studio 2010\vc\include\stdio.h(304): см. объявление "scanf"
     1>d:\данил\documents\студенческие задания\#2к1с\лоиоа\lb1\lb1\lb1.cpp(78): warning C4996: 'scanf': This function or variable may be unsafe. Consider using scanf_s instead. To disable deprecation, use _CRT_SECURE_NO_WARNINGS. See online help for details.
                 d:\program files\visual studio 2010\vc\include\stdio.h(304): см. объявление "scanf"
     1>d:\данил\documents\студенческие задания\#2к1с\лоиоа\lb1\lb1\lb1.cpp(80): warning C4996: 'scanf': This function or variable may be unsafe. Consider using scanf_s instead. To disable deprecation, use _CRT_SECURE_NO_WARNINGS. See online help for details.
                 d:\program files\visual studio 2010\vc\include\stdio.h(304): см. объявление "scanf"
     1>d:\данил\documents\студенческие задания\#2к1с\лоиоа\lb1\lb1\lb1.cpp(89): warning C4996: 'scanf': This function or variable may be unsafe. Consider using scanf_s instead. To disable deprecation, use _CRT_SECURE_NO_WARNINGS. See online help for details.
                 d:\program files\visual studio 2010\vc\include\stdio.h(304): см. объявление "scanf"
     1>d:\данил\documents\студенческие задания\#2к1с\лоиоа\lb1\lb1\lb1.cpp(108): warning C4996: 'getch': The POSIX name for this item is deprecated. Instead, use the ISO C++ conformant name: _getch. See online help for details.
                 d:\program files\visual studio 2010\vc\include\conio.h(128): см. объявление "getch"
       ManifestResourceCompile:
         C:\Program Files (x86)\Microsoft SDKs\Windows\v7.0A\bin\rc.exe /nologo /fo"Debug\LB1.exe.embed.manifest.res" Debug\LB1_manifest.rc 
       Link:
         D:\Program Files\Visual Studio 2010\VC\bin\link.exe /ERRORREPORT:PROMPT /OUT:"D:\Данил\Documents\Студенческие задания\#2К1С\ЛоиОА\LB1\Debug\LB1.exe" /INCREMENTAL /NOLOGO kernel32.lib user32.lib gdi32.lib winspool.lib comdlg32.lib advapi32.lib shell32.lib ole32.lib oleaut32.lib uuid.lib odbc32.lib odbccp32.lib /MANIFEST /ManifestFile:"Debug\LB1.exe.intermediate.manifest" /MANIFESTUAC:"level='asInvoker' uiAccess='false'" /DEBUG /PDB:"D:\Данил\Documents\Студенческие задания\#2К1С\ЛоиОА\LB1\Debug\LB1.pdb" /SUBSYSTEM:CONSOLE /TLBID:1 /DYNAMICBASE /NXCOMPAT /IMPLIB:"D:\Данил\Documents\Студенческие задания\#2К1С\ЛоиОА\LB1\Debug\LB1.lib" /MACHINE:X86 Debug\LB1.exe.embed.manifest.res
         Debug\Lb1.obj
       Manifest:
         C:\Program Files (x86)\Microsoft SDKs\Windows\v7.0A\bin\mt.exe /nologo /verbose /out:"Debug\LB1.exe.embed.manifest" /manifest Debug\LB1.exe.intermediate.manifest
         Для всех выходных данных обновления не требуется.
       LinkEmbedManifest:
         Для всех выходных данных обновления не требуется.
         LB1.vcxproj -> D:\Данил\Documents\Студенческие задания\#2К1С\ЛоиОА\LB1\Debug\LB1.exe
       FinalizeBuildStatus:
         Файл "Debug\LB1.unsuccessfulbuild" удаляется.
         Обращение к "Debug\LB1.lastbuildstate".
     1>Построение проекта "D:\Данил\Documents\Студенческие задания\#2К1С\ЛоиОА\LB1\LB1\LB1.vcxproj" завершено (целевые объекты build).

Построение успешно завершено.

Затраченное время: 00:00:05.65
