C:\USERS\STUDENT\DOWNLOADS\LABSLOIOA-MASTER\LB1\DEBUG\LB1.EXE
C:\USERS\STUDENT\DOWNLOADS\LABSLOIOA-MASTER\LB1\DEBUG\LB1.ILK
C:\USERS\STUDENT\DOWNLOADS\LABSLOIOA-MASTER\LB1\DEBUG\LB1.PDB
C:\Users\student\Downloads\LabsLoiOA-master\LB1\LB1\Debug\cl.command.1.tlog
C:\Users\student\Downloads\LabsLoiOA-master\LB1\LB1\Debug\CL.read.1.tlog
C:\Users\student\Downloads\LabsLoiOA-master\LB1\LB1\Debug\CL.write.1.tlog
C:\USERS\STUDENT\DOWNLOADS\LABSLOIOA-MASTER\LB1\LB1\DEBUG\LB1.EXE.EMBED.MANIFEST
C:\USERS\STUDENT\DOWNLOADS\LABSLOIOA-MASTER\LB1\LB1\DEBUG\LB1.EXE.EMBED.MANIFEST.RES
C:\USERS\STUDENT\DOWNLOADS\LABSLOIOA-MASTER\LB1\LB1\DEBUG\LB1.EXE.INTERMEDIATE.MANIFEST
C:\USERS\STUDENT\DOWNLOADS\LABSLOIOA-MASTER\LB1\LB1\DEBUG\LB1.OBJ
C:\Users\student\Downloads\LabsLoiOA-master\LB1\LB1\Debug\LB1.write.1.tlog
C:\Users\student\Downloads\LabsLoiOA-master\LB1\LB1\Debug\LB1_manifest.rc
C:\Users\student\Downloads\LabsLoiOA-master\LB1\LB1\Debug\link.8752.read.1.tlog
C:\Users\student\Downloads\LabsLoiOA-master\LB1\LB1\Debug\link.8752.write.1.tlog
C:\Users\student\Downloads\LabsLoiOA-master\LB1\LB1\Debug\link.8752-cvtres.read.1.tlog
C:\Users\student\Downloads\LabsLoiOA-master\LB1\LB1\Debug\link.8752-cvtres.write.1.tlog
C:\Users\student\Downloads\LabsLoiOA-master\LB1\LB1\Debug\link.command.1.tlog
C:\Users\student\Downloads\LabsLoiOA-master\LB1\LB1\Debug\link.read.1.tlog
C:\Users\student\Downloads\LabsLoiOA-master\LB1\LB1\Debug\link.write.1.tlog
C:\Users\student\Downloads\LabsLoiOA-master\LB1\LB1\Debug\link-cvtres.read.1.tlog
C:\Users\student\Downloads\LabsLoiOA-master\LB1\LB1\Debug\link-cvtres.write.1.tlog
C:\Users\student\Downloads\LabsLoiOA-master\LB1\LB1\Debug\mt.command.1.tlog
C:\Users\student\Downloads\LabsLoiOA-master\LB1\LB1\Debug\mt.read.1.tlog
C:\Users\student\Downloads\LabsLoiOA-master\LB1\LB1\Debug\mt.write.1.tlog
C:\Users\student\Downloads\LabsLoiOA-master\LB1\LB1\Debug\rc.command.1.tlog
C:\Users\student\Downloads\LabsLoiOA-master\LB1\LB1\Debug\rc.read.1.tlog
C:\Users\student\Downloads\LabsLoiOA-master\LB1\LB1\Debug\rc.write.1.tlog
C:\Users\student\Downloads\LabsLoiOA-master\LB1\LB1\Debug\vc100.idb
C:\USERS\STUDENT\DOWNLOADS\LABSLOIOA-MASTER\LB1\LB1\DEBUG\VC100.PDB
