Построение начато 25.11.2020 15:52:12.
     1>Проект "D:\Данил\Documents\Студенческие задания\#2К1С\ЛоиОА\LabsLogic\LB_5.1\LB5\LB5\LB5.vcxproj" в узле 2 (целевые объекты build).
     1>InitializeBuildStatus:
         Создание "Debug\LB5.unsuccessfulbuild", так как было задано "AlwaysCreate".
       ClCompile:
         D:\Program Files\Visual Studio 2010\VC\bin\CL.exe /c /ZI /nologo /W3 /WX- /Od /Oy- /D WIN32 /D _DEBUG /D _CONSOLE /D _UNICODE /D UNICODE /Gm /EHsc /RTC1 /MDd /GS /fp:precise /Zc:wchar_t /Zc:forScope /Fo"Debug\\" /Fd"Debug\vc100.pdb" /Gd /TP /analyze- /errorReport:prompt LB5.cpp
         LB5.cpp
     1>d:\данил\documents\студенческие задания\#2к1с\лоиоа\labslogic\lb_5.1\lb5\lb5\lb5.cpp(43): warning C4244: аргумент: преобразование "time_t" в "unsigned int", возможна потеря данных
     1>d:\данил\documents\студенческие задания\#2к1с\лоиоа\labslogic\lb_5.1\lb5\lb5\lb5.cpp(85): warning C4996: 'getch': The POSIX name for this item is deprecated. Instead, use the ISO C++ conformant name: _getch. See online help for details.
                 d:\program files\visual studio 2010\vc\include\conio.h(128): см. объявление "getch"
       ManifestResourceCompile:
         C:\Program Files (x86)\Microsoft SDKs\Windows\v7.0A\bin\rc.exe /nologo /fo"Debug\LB5.exe.embed.manifest.res" Debug\LB5_manifest.rc 
       Link:
         D:\Program Files\Visual Studio 2010\VC\bin\link.exe /ERRORREPORT:PROMPT /OUT:"D:\Данил\Documents\Студенческие задания\#2К1С\ЛоиОА\LabsLogic\LB_5.1\LB5\Debug\LB5.exe" /INCREMENTAL /NOLOGO kernel32.lib user32.lib gdi32.lib winspool.lib comdlg32.lib advapi32.lib shell32.lib ole32.lib oleaut32.lib uuid.lib odbc32.lib odbccp32.lib /MANIFEST /ManifestFile:"Debug\LB5.exe.intermediate.manifest" /MANIFESTUAC:"level='asInvoker' uiAccess='false'" /DEBUG /PDB:"D:\Данил\Documents\Студенческие задания\#2К1С\ЛоиОА\LabsLogic\LB_5.1\LB5\Debug\LB5.pdb" /SUBSYSTEM:CONSOLE /TLBID:1 /DYNAMICBASE /NXCOMPAT /IMPLIB:"D:\Данил\Documents\Студенческие задания\#2К1С\ЛоиОА\LabsLogic\LB_5.1\LB5\Debug\LB5.lib" /MACHINE:X86 Debug\LB5.exe.embed.manifest.res
         Debug\LB5.obj
         LINK : не найден или не выполнена сборка D:\Данил\Documents\Студенческие задания\#2К1С\ЛоиОА\LabsLogic\LB_5.1\LB5\Debug\LB5.exe при последней инкрементной компоновке; выполняется полная компоновка
       Manifest:
         C:\Program Files (x86)\Microsoft SDKs\Windows\v7.0A\bin\mt.exe /nologo /verbose /out:"Debug\LB5.exe.embed.manifest" /manifest Debug\LB5.exe.intermediate.manifest
         Для всех выходных данных обновления не требуется.
       LinkEmbedManifest:
         Для всех выходных данных обновления не требуется.
         LB5.vcxproj -> D:\Данил\Documents\Студенческие задания\#2К1С\ЛоиОА\LabsLogic\LB_5.1\LB5\Debug\LB5.exe
       FinalizeBuildStatus:
         Файл "Debug\LB5.unsuccessfulbuild" удаляется.
         Обращение к "Debug\LB5.lastbuildstate".
     1>Построение проекта "D:\Данил\Documents\Студенческие задания\#2К1С\ЛоиОА\LabsLogic\LB_5.1\LB5\LB5\LB5.vcxproj" завершено (целевые объекты build).

Построение успешно завершено.

Затраченное время: 00:00:03.18
